Determining if the pthread_create exist failed with the following output:
Change Dir: /home/antoine/INFO3S1/API/dobble/CMakeFiles/CMakeTmp

Run Build Command:"/usr/bin/make" "cmTC_fe5aa/fast"
/usr/bin/make -f CMakeFiles/cmTC_fe5aa.dir/build.make CMakeFiles/cmTC_fe5aa.dir/build
make[1]: Entering directory '/home/antoine/INFO3S1/API/dobble/CMakeFiles/CMakeTmp'
Building C object CMakeFiles/cmTC_fe5aa.dir/CheckSymbolExists.c.o
/usr/bin/cc    -o CMakeFiles/cmTC_fe5aa.dir/CheckSymbolExists.c.o   -c /home/antoine/INFO3S1/API/dobble/CMakeFiles/CMakeTmp/CheckSymbolExists.c
Linking C executable cmTC_fe5aa
/usr/bin/cmake -E cmake_link_script CMakeFiles/cmTC_fe5aa.dir/link.txt --verbose=1
/usr/bin/cc      -rdynamic CMakeFiles/cmTC_fe5aa.dir/CheckSymbolExists.c.o  -o cmTC_fe5aa 
CMakeFiles/cmTC_fe5aa.dir/CheckSymbolExists.c.o: In function `main':
CheckSymbolExists.c:(.text+0x1b): undefined reference to `pthread_create'
collect2: error: ld returned 1 exit status
CMakeFiles/cmTC_fe5aa.dir/build.make:97: recipe for target 'cmTC_fe5aa' failed
make[1]: *** [cmTC_fe5aa] Error 1
make[1]: Leaving directory '/home/antoine/INFO3S1/API/dobble/CMakeFiles/CMakeTmp'
Makefile:126: recipe for target 'cmTC_fe5aa/fast' failed
make: *** [cmTC_fe5aa/fast] Error 2

File /home/antoine/INFO3S1/API/dobble/CMakeFiles/CMakeTmp/CheckSymbolExists.c:
/* */
#include <pthread.h>

int main(int argc, char** argv)
{
  (void)argv;
#ifndef pthread_create
  return ((int*)(&pthread_create))[argc];
#else
  (void)argc;
  return 0;
#endif
}

Determining if the function pthread_create exists in the pthreads failed with the following output:
Change Dir: /home/antoine/INFO3S1/API/dobble/CMakeFiles/CMakeTmp

Run Build Command:"/usr/bin/make" "cmTC_acfd3/fast"
/usr/bin/make -f CMakeFiles/cmTC_acfd3.dir/build.make CMakeFiles/cmTC_acfd3.dir/build
make[1]: Entering directory '/home/antoine/INFO3S1/API/dobble/CMakeFiles/CMakeTmp'
Building C object CMakeFiles/cmTC_acfd3.dir/CheckFunctionExists.c.o
/usr/bin/cc   -DCHECK_FUNCTION_EXISTS=pthread_create   -o CMakeFiles/cmTC_acfd3.dir/CheckFunctionExists.c.o   -c /usr/share/cmake-3.10/Modules/CheckFunctionExists.c
Linking C executable cmTC_acfd3
/usr/bin/cmake -E cmake_link_script CMakeFiles/cmTC_acfd3.dir/link.txt --verbose=1
/usr/bin/cc  -DCHECK_FUNCTION_EXISTS=pthread_create    -rdynamic CMakeFiles/cmTC_acfd3.dir/CheckFunctionExists.c.o  -o cmTC_acfd3 -lpthreads 
/usr/bin/ld: cannot find -lpthreads
collect2: error: ld returned 1 exit status
CMakeFiles/cmTC_acfd3.dir/build.make:97: recipe for target 'cmTC_acfd3' failed
make[1]: *** [cmTC_acfd3] Error 1
make[1]: Leaving directory '/home/antoine/INFO3S1/API/dobble/CMakeFiles/CMakeTmp'
Makefile:126: recipe for target 'cmTC_acfd3/fast' failed
make: *** [cmTC_acfd3/fast] Error 2


